<?xml version="1.0" encoding="UTF-8"?>
<testsuite name="com.skkud.shCiCd.ShCiCdApplicationTests" tests="1" skipped="0" failures="0" errors="0" timestamp="2023-02-05T05:45:24" hostname="LAPTOP-UN3BJ9LH" time="0.526">
  <properties/>
  <testcase name="contextLoads()" classname="com.skkud.shCiCd.ShCiCdApplicationTests" time="0.526"/>
  <system-out><![CDATA[14:45:22.519 [Test worker] DEBUG org.springframework.boot.test.context.SpringBootTestContextBootstrapper - Neither @ContextConfiguration nor @ContextHierarchy found for test class [ShCiCdApplicationTests]: using SpringBootContextLoader
14:45:22.519 [Test worker] DEBUG org.springframework.test.context.support.AbstractContextLoader - Could not detect default resource locations for test class [com.skkud.shCiCd.ShCiCdApplicationTests]: no resource found for suffixes {-context.xml, Context.groovy}.
14:45:22.519 [Test worker] INFO org.springframework.test.context.support.AnnotationConfigContextLoaderUtils - Could not detect default configuration classes for test class [com.skkud.shCiCd.ShCiCdApplicationTests]: ShCiCdApplicationTests does not declare any static, non-private, non-final, nested classes annotated with @Configuration.
14:45:22.566 [Test worker] DEBUG org.springframework.boot.test.context.SpringBootTestContextBootstrapper - Using ContextCustomizers for test class [ShCiCdApplicationTests]: [DisableObservabilityContextCustomizer, PropertyMappingContextCustomizer, Customizer, ExcludeFilterContextCustomizer, DuplicateJsonObjectContextCustomizer, MockitoContextCustomizer, TestRestTemplateContextCustomizer]
14:45:22.675 [Test worker] DEBUG org.springframework.context.annotation.ClassPathScanningCandidateComponentProvider - Identified candidate component class: file [C:\Users\tlgur\Downloads\shCiCd\shCiCd\build\classes\java\main\com\skkud\shCiCd\ShCiCdApplication.class]
14:45:22.675 [Test worker] INFO org.springframework.boot.test.context.SpringBootTestContextBootstrapper - Found @SpringBootConfiguration com.skkud.shCiCd.ShCiCdApplication for test class com.skkud.shCiCd.ShCiCdApplicationTests
14:45:22.816 [Test worker] DEBUG org.springframework.test.context.util.TestContextSpringFactoriesUtils - Skipping candidate TestExecutionListener [org.springframework.test.context.transaction.TransactionalTestExecutionListener] due to a missing dependency. Specify custom TestExecutionListener classes or make the default TestExecutionListener classes and their required dependencies available. Offending class: [org/springframework/transaction/interceptor/TransactionAttributeSource]
14:45:22.816 [Test worker] DEBUG org.springframework.test.context.util.TestContextSpringFactoriesUtils - Skipping candidate TestExecutionListener [org.springframework.test.context.jdbc.SqlScriptsTestExecutionListener] due to a missing dependency. Specify custom TestExecutionListener classes or make the default TestExecutionListener classes and their required dependencies available. Offending class: [org/springframework/transaction/interceptor/TransactionAttribute]
14:45:22.831 [Test worker] DEBUG org.springframework.boot.test.context.SpringBootTestContextBootstrapper - Using TestExecutionListeners for test class [ShCiCdApplicationTests]: [ServletTestExecutionListener, DirtiesContextBeforeModesTestExecutionListener, ApplicationEventsTestExecutionListener, MockitoTestExecutionListener, DependencyInjectionTestExecutionListener, DirtiesContextTestExecutionListener, EventPublishingTestExecutionListener, RestDocsTestExecutionListener, MockRestServiceServerResetTestExecutionListener, MockMvcPrintOnlyOnFailureTestExecutionListener, WebDriverTestExecutionListener, MockWebServiceServerTestExecutionListener, ResetMocksTestExecutionListener]
14:45:22.831 [Test worker] DEBUG org.springframework.test.context.support.AbstractDirtiesContextTestExecutionListener - Before test class: class [ShCiCdApplicationTests], class annotated with @DirtiesContext [false] with mode [null]

  .   ____          _            __ _ _
 /\\ / ___'_ __ _ _(_)_ __  __ _ \ \ \ \
( ( )\___ | '_ | '_| | '_ \/ _` | \ \ \ \
 \\/  ___)| |_)| | | | | || (_| |  ) ) ) )
  '  |____| .__|_| |_|_| |_\__, | / / / /
 =========|_|==============|___/=/_/_/_/
 :: Spring Boot ::                (v3.0.2)

2023-02-05T14:45:23.191+09:00  INFO 21820 --- [    Test worker] c.skkud.shCiCd.ShCiCdApplicationTests    : Starting ShCiCdApplicationTests using Java 17.0.1 with PID 21820 (started by tlgur in C:\Users\tlgur\Downloads\shCiCd\shCiCd)
2023-02-05T14:45:23.191+09:00  INFO 21820 --- [    Test worker] c.skkud.shCiCd.ShCiCdApplicationTests    : No active profile set, falling back to 1 default profile: "default"
2023-02-05T14:45:24.543+09:00  INFO 21820 --- [    Test worker] c.skkud.shCiCd.ShCiCdApplicationTests    : Started ShCiCdApplicationTests in 1.651 seconds (process running for 3.053)
테스트 확인코드입니다
]]></system-out>
  <system-err><![CDATA[]]></system-err>
</testsuite>
